<?xml version="1.0" encoding="UTF-8"?>
<!-- Generated by org.testng.reporters.JUnitXMLReporter -->
<testsuite ignored="0" hostname="poorvid" failures="0" tests="5" name="Surefire test" time="74.517" errors="0" timestamp="2021-12-30T12:42:49 IST">
  <testcase classname="demo.testng.firstTest" name="firstclasstest" time="22.169"/>
  <testcase classname="demo.testng.firstTest" name="firstclasstesttwo" time="0.0"/>
  <testcase classname="demo.testng.fourthTest" name="fourthclasstest" time="8.87"/>
  <testcase classname="demo.testng.secondTest" name="secondclasstest" time="5.012"/>
  <testcase classname="demo.testng.thirdTest" name="thirdclasstest" time="13.88"/>
</testsuite> <!-- Surefire test -->
