<?xml version="1.0" encoding="UTF-8"?>
<testng-results ignored="0" total="5" passed="5" failed="0" skipped="0">
  <reporter-output>
  </reporter-output>
  <suite started-at="2021-12-30T12:41:35 IST" name="Surefire suite" finished-at="2021-12-30T12:42:49 IST" duration-ms="74517">
    <groups>
    </groups>
    <test started-at="2021-12-30T12:41:35 IST" name="Surefire test" finished-at="2021-12-30T12:42:49 IST" duration-ms="74517">
      <class name="demo.testng.secondTest">
        <test-method is-config="true" signature="start()[pri:0, instance:demo.testng.secondTest@c0c2f8d]" started-at="2021-12-30T12:41:44 IST" name="start" finished-at="2021-12-30T12:41:49 IST" duration-ms="5672" status="PASS">
          <reporter-output>
          </reporter-output>
        </test-method> <!-- start -->
        <test-method signature="secondclasstest()[pri:0, instance:demo.testng.secondTest@c0c2f8d]" started-at="2021-12-30T12:42:30 IST" name="secondclasstest" finished-at="2021-12-30T12:42:35 IST" duration-ms="5012" status="PASS">
          <reporter-output>
          </reporter-output>
        </test-method> <!-- secondclasstest -->
      </class> <!-- demo.testng.secondTest -->
      <class name="demo.testng.firstTest">
        <test-method signature="firstclasstest()[pri:0, instance:demo.testng.firstTest@489115ef]" started-at="2021-12-30T12:41:59 IST" name="firstclasstest" finished-at="2021-12-30T12:42:21 IST" duration-ms="22169" status="PASS">
          <reporter-output>
          </reporter-output>
        </test-method> <!-- firstclasstest -->
        <test-method signature="firstclasstesttwo()[pri:0, instance:demo.testng.firstTest@489115ef]" started-at="2021-12-30T12:42:21 IST" name="firstclasstesttwo" finished-at="2021-12-30T12:42:21 IST" duration-ms="0" status="PASS">
          <reporter-output>
          </reporter-output>
        </test-method> <!-- firstclasstesttwo -->
      </class> <!-- demo.testng.firstTest -->
      <class name="demo.testng.thirdTest">
        <test-method is-config="true" signature="start()[pri:0, instance:demo.testng.thirdTest@305b7c14]" started-at="2021-12-30T12:41:49 IST" name="start" finished-at="2021-12-30T12:41:59 IST" duration-ms="9914" status="PASS">
          <reporter-output>
          </reporter-output>
        </test-method> <!-- start -->
        <test-method signature="thirdclasstest()[pri:0, instance:demo.testng.thirdTest@305b7c14]" started-at="2021-12-30T12:42:35 IST" name="thirdclasstest" finished-at="2021-12-30T12:42:49 IST" duration-ms="13880" status="PASS">
          <reporter-output>
          </reporter-output>
        </test-method> <!-- thirdclasstest -->
      </class> <!-- demo.testng.thirdTest -->
      <class name="demo.testng.fourthTest">
        <test-method is-config="true" signature="start()[pri:0, instance:demo.testng.fourthTest@4988d8b8]" started-at="2021-12-30T12:41:35 IST" name="start" finished-at="2021-12-30T12:41:44 IST" duration-ms="8971" status="PASS">
          <reporter-output>
          </reporter-output>
        </test-method> <!-- start -->
        <test-method signature="fourthclasstest()[pri:0, instance:demo.testng.fourthTest@4988d8b8]" started-at="2021-12-30T12:42:21 IST" name="fourthclasstest" finished-at="2021-12-30T12:42:30 IST" duration-ms="8870" status="PASS">
          <reporter-output>
          </reporter-output>
        </test-method> <!-- fourthclasstest -->
      </class> <!-- demo.testng.fourthTest -->
    </test> <!-- Surefire test -->
  </suite> <!-- Surefire suite -->
</testng-results>
