<?xml version="1.0" encoding="UTF-8"?>
<testsuite xmlns:xsi="http://www.w3.org/2001/XMLSchema-instance" xsi:noNamespaceSchemaLocation="https://maven.apache.org/surefire/maven-surefire-plugin/xsd/surefire-test-report-3.0.xsd" version="3.0" name="TestSuite" time="74.864" tests="5" errors="0" skipped="0" failures="0">
  <properties>
[...]
</properties>
  <testcase name="firstclasstest" classname="demo.testng.firstTest" time="22.165">
    <system-err><![CDATA[1640848295654	geckodriver	INFO	Listening on 127.0.0.1:25512
1640848296079	mozrunner::runner	INFO	Running command: "C:\\Program Files\\Mozilla Firefox\\firefox.exe" "--marionette" "-no-remote" "-profile" "C:\\Users\\poorvid\\AppData\\Local\\Temp\\rust_mozprofilePLFKdZ"
1640848297413	Marionette	INFO	Marionette enabled
console.warn: SearchSettings: "get: No settings file exists, new profile?" (new NotFoundError("Could not open the file at C:\\Users\\poorvid\\AppData\\Local\\Temp\\rust_mozprofilePLFKdZ\\search.json.mozlz4", (void 0)))
1640848303139	Marionette	INFO	Listening on port 53966
1640848303952	RemoteAgent	WARN	TLS certificate errors will be ignored for this session
Dec 30, 2021 12:41:44 PM org.openqa.selenium.remote.ProtocolHandshake createSession
INFO: Detected dialect: W3C
1640848304296	geckodriver	INFO	Listening on 127.0.0.1:9760
1640848304644	mozrunner::runner	INFO	Running command: "C:\\Program Files\\Mozilla Firefox\\firefox.exe" "--marionette" "-no-remote" "-profile" "C:\\Users\\poorvid\\AppData\\Local\\Temp\\rust_mozprofilemgW3Y8"
1640848305550	Marionette	INFO	Marionette enabled
console.warn: SearchSettings: "get: No settings file exists, new profile?" (new NotFoundError("Could not open the file at C:\\Users\\poorvid\\AppData\\Local\\Temp\\rust_mozprofilemgW3Y8\\search.json.mozlz4", (void 0)))
1640848309322	Marionette	INFO	Listening on port 54002
1640848309715	RemoteAgent	WARN	TLS certificate errors will be ignored for this session
Dec 30, 2021 12:41:49 PM org.openqa.selenium.remote.ProtocolHandshake createSession
INFO: Detected dialect: W3C
1640848310632	geckodriver	INFO	Listening on 127.0.0.1:16177
1640848310969	mozrunner::runner	INFO	Running command: "C:\\Program Files\\Mozilla Firefox\\firefox.exe" "--marionette" "-no-remote" "-profile" "C:\\Users\\poorvid\\AppData\\Local\\Temp\\rust_mozprofilexg7wlH"
1640848312892	Marionette	INFO	Marionette enabled
console.warn: SearchSettings: "get: No settings file exists, new profile?" (new NotFoundError("Could not open the file at C:\\Users\\poorvid\\AppData\\Local\\Temp\\rust_mozprofilexg7wlH\\search.json.mozlz4", (void 0)))
1640848318658	Marionette	INFO	Listening on port 54036
1640848319628	RemoteAgent	WARN	TLS certificate errors will be ignored for this session
Dec 30, 2021 12:41:59 PM org.openqa.selenium.remote.ProtocolHandshake createSession
INFO: Detected dialect: W3C
1640848320278	geckodriver	INFO	Listening on 127.0.0.1:5975
1640848320720	mozrunner::runner	INFO	Running command: "C:\\Program Files\\Mozilla Firefox\\firefox.exe" "--marionette" "-no-remote" "-profile" "C:\\Users\\poorvid\\AppData\\Local\\Temp\\rust_mozprofileG4Vayr"
1640848321688	Marionette	INFO	Marionette enabled
console.warn: SearchSettings: "get: No settings file exists, new profile?" (new NotFoundError("Could not open the file at C:\\Users\\poorvid\\AppData\\Local\\Temp\\rust_mozprofileG4Vayr\\search.json.mozlz4", (void 0)))
1640848327696	Marionette	INFO	Listening on port 54079
1640848328620	RemoteAgent	WARN	TLS certificate errors will be ignored for this session
Dec 30, 2021 12:42:08 PM org.openqa.selenium.remote.ProtocolHandshake createSession
INFO: Detected dialect: W3C
1640848338580	Marionette	INFO	Stopped listening on port 54079
JavaScript error: resource://gre/modules/ConduitsChild.jsm, line 108: Error: sendRemoveListener on closed conduit sba4b_firefox_quantum@checkpoint.com.274877907099
JavaScript error: resource://gre/modules/AsyncShutdown.jsm, line 575: AbortError: Actor 'Conduits' destroyed before query 'RunListener' was resolved
console.error: PushService: 
  stateChangeProcessEnqueue: Error transitioning state
  Message: Error: Data is not ready.
  Stack:
    get data@resource://gre/modules/JSONFile.jsm:186:13
getListeners@resource://gre/modules/PushBroadcastService.jsm:66:5
observe@resource://gre/modules/AsyncShutdown.jsm:575:16


###!!! [Child][RunMessage] Error: Channel closing: too late to send/recv, messages will be lost


###!!! [Child][RunMessage] Error: Channel closing: too late to send/recv, messages will be lost


###!!! [Child][RunMessage] Error: Channel closing: too late to send/recv, messages will be lost

]]></system-err>
  </testcase>
  <testcase name="firstclasstesttwo" classname="demo.testng.firstTest" time="0"/>
  <testcase name="fourthclasstest" classname="demo.testng.fourthTest" time="8.872">
    <system-err><![CDATA[JavaScript warning: https://code.jquery.com/jquery-1.10.2.min.js, line 2: Using //@ to indicate sourceMappingURL pragmas is deprecated. Use //# instead
JavaScript error: https://www.seleniumeasy.com/sites/default/files/js/js_1pwJufKjiQsl5tLfRR9NEVuVtIW5DVu-beBr8FbgvmM.js, line 10: TypeError: $(...).get(...) is undefined
1640848349088	Marionette	INFO	Stopped listening on port 53966
JavaScript error: resource://gre/modules/ConduitsChild.jsm, line 108: Error: sendRemoveListener on closed conduit sba4b_firefox_quantum@checkpoint.com.274877907099
[GFX1-]: RenderCompositorSWGL failed mapping default framebuffer, no dt

###!!! [Parent][RunMessage] Error: Channel closing: too late to send/recv, messages will be lost

]]></system-err>
  </testcase>
  <testcase name="secondclasstest" classname="demo.testng.secondTest" time="5.006">
    <system-err><![CDATA[1640848353562	Marionette	INFO	Stopped listening on port 54002
[GFX1-]: RenderCompositorSWGL failed mapping default framebuffer, no dt
JavaScript error: resource://gre/modules/ConduitsChild.jsm, line 108: Error: sendRemoveListener on closed conduit sba4b_firefox_quantum@checkpoint.com.274877907099
]]></system-err>
  </testcase>
  <testcase name="thirdclasstest" classname="demo.testng.thirdTest" time="13.887">
    <system-err><![CDATA[1640848358848	Marionette	WARN	Ignoring event 'DOMContentLoaded' because document has an invalid readyState of 'complete'.
1640848368486	Marionette	INFO	Stopped listening on port 54036
JavaScript error: resource://gre/modules/ConduitsChild.jsm, line 108: Error: sendRemoveListener on closed conduit sba4b_firefox_quantum@checkpoint.com.274877907099
[GFX1-]: RenderCompositorSWGL failed mapping default framebuffer, no dt
JavaScript error: , line 0: TypeError: NetworkError when attempting to fetch resource.

###!!! [Child][RunMessage] Error: Channel closing: too late to send/recv, messages will be lost


###!!! [Child][RunMessage] Error: Channel closing: too late to send/recv, messages will be lost


###!!! [Child][RunMessage] Error: Channel closing: too late to send/recv, messages will be lost


###!!! [Child][RunMessage] Error: Channel closing: too late to send/recv, messages will be lost

JavaScript error: resource://gre/modules/CrashManager.jsm, line 828: AbortError: IOUtils: Shutting down and refusing additional I/O tasks
]]></system-err>
  </testcase>
</testsuite>